{
  "stats": {
    "suites": 1,
    "tests": 3,
    "passes": 2,
    "pending": 0,
    "failures": 1,
    "start": "2020-01-23T08:54:03.875Z",
    "end": "2020-01-23T08:54:48.200Z",
    "duration": 44325,
    "testsRegistered": 3,
    "passPercent": 66.66666666666666,
    "pendingPercent": 0,
    "other": 1,
    "hasOther": true,
    "skipped": 0,
    "hasSkipped": false
  },
  "results": [
    {
      "uuid": "420e49b6-e95a-4041-87bf-69cd87e5f57d",
      "title": "",
      "fullFile": "",
      "file": "",
      "beforeHooks": [],
      "afterHooks": [],
      "tests": [],
      "suites": [
        {
          "uuid": "df9f9d42-937e-4b74-90c2-3c8b1613e41a",
          "title": "Dummy Tests",
          "fullFile": "",
          "file": "",
          "beforeHooks": [],
          "afterHooks": [],
          "tests": [
            {
              "title": "Check Employees in HRScaffold!",
              "fullTitle": "Dummy Tests Check Employees in HRScaffold!",
              "timedOut": null,
              "duration": 12145,
              "state": "passed",
              "speed": "slow",
              "pass": true,
              "fail": false,
              "pending": false,
              "context": "\"../videos/Dummy-test.js.mp4\"",
              "code": "cy.get('a[name=\"gridButton\"]').should('have.attr', 'caption', 'Employees').click().url().should('include', 'Employees').get('label[name=\"label1\"]').should('have.attr', 'caption', 'Employees').get('a[name=\"wm-switch-Grid\"]').click().should('have.class', 'selected').get('div[name=\"EmployeeGrid\"]').should('have.attr', 'title', 'Grid View');",
              "err": {},
              "uuid": "099d1893-1eb7-415e-afa7-d03908041f6f",
              "parentUUID": "df9f9d42-937e-4b74-90c2-3c8b1613e41a",
              "isHook": false,
              "skipped": false
            },
            {
              "title": "Check Departments in HRScaffold!",
              "fullTitle": "Dummy Tests Check Departments in HRScaffold!",
              "timedOut": null,
              "duration": 13631,
              "state": "passed",
              "speed": "slow",
              "pass": true,
              "fail": false,
              "pending": false,
              "context": "\"../videos/Dummy-test.js.mp4\"",
              "code": "cy.get('a[name=\"widgetsButton\"]').should('have.attr', 'caption', 'Departments').click().url().should('include', 'Departments').get('a[title=\"Marketing\"]').click().get('div[title=\"Jane\"]').get('a[title=\"General and Admin\"]').click();",
              "err": {},
              "uuid": "dafddae9-1af9-4906-b6d3-b4d86ea1e6bc",
              "parentUUID": "df9f9d42-937e-4b74-90c2-3c8b1613e41a",
              "isHook": false,
              "skipped": false
            },
            {
              "title": "Check anchors",
              "fullTitle": "Dummy Tests Check anchors",
              "timedOut": null,
              "duration": 177,
              "state": "failed",
              "speed": null,
              "pass": false,
              "fail": true,
              "pending": false,
              "context": "\"../videos/Dummy-test.js.mp4\"",
              "code": "cy.get('a[name=\"gridButton\"]').should('have.attr', 'caption', 'Employees');\ncy.get('a').not('a[name=\"homeButton\"]').not('a[name=\"logoutButton\"]').each(function ($element) {\n  console.log($element);\n  cy.get($element[0]).click({\n    force: true\n  }).wait(5000).go('back');\n});",
              "err": {
                "message": "CypressError: You attempted to make a chai-jQuery assertion on an object that is neither a DOM object or a jQuery object.\n\nThe chai-jQuery assertion you used was:\n\n  > attr\n\nThe invalid subject you asserted on was:\n\n  > undefined\n\nTo use chai-jQuery assertions your subject must be valid.\n\nThis can sometimes happen if a previous assertion changed the subject.\n\nBecause this error occurred during a 'after each' hook we are skipping the remaining tests in the current suite: 'Dummy Tests'",
                "estack": "CypressError: You attempted to make a chai-jQuery assertion on an object that is neither a DOM object or a jQuery object.\n\nThe chai-jQuery assertion you used was:\n\n  > attr\n\nThe invalid subject you asserted on was:\n\n  > undefined\n\nTo use chai-jQuery assertions your subject must be valid.\n\nThis can sometimes happen if a previous assertion changed the subject.\n\nBecause this error occurred during a 'after each' hook we are skipping the remaining tests in the current suite: 'Dummy Tests'\n    at Object.cypressErr (http://pk7ksg1hy21h.cloud.wavemakeronline.com/__cypress/runner/cypress_runner.js:106136:11)\n    at Object.onInvalid (http://pk7ksg1hy21h.cloud.wavemakeronline.com/__cypress/runner/cypress_runner.js:85909:24)\n    at assertDom (http://pk7ksg1hy21h.cloud.wavemakeronline.com/__cypress/runner/cypress_runner.js:99681:26)\n    at Assertion.<anonymous> (http://pk7ksg1hy21h.cloud.wavemakeronline.com/__cypress/runner/cypress_runner.js:99773:7)\n    at Assertion.ctx.<computed> [as attr] (http://pk7ksg1hy21h.cloud.wavemakeronline.com/__cypress/runner/cypress_runner.js:6461:25)\n    at applyChainer (http://pk7ksg1hy21h.cloud.wavemakeronline.com/__cypress/runner/cypress_runner.js:88860:32)\n    at http://pk7ksg1hy21h.cloud.wavemakeronline.com/__cypress/runner/cypress_runner.js:88894:16\n    at arrayReduce (http://pk7ksg1hy21h.cloud.wavemakeronline.com/__cypress/runner/cypress_runner.js:144018:21)\n    at Function.reduce (http://pk7ksg1hy21h.cloud.wavemakeronline.com/__cypress/runner/cypress_runner.js:153016:14)\n    at applyChainers (http://pk7ksg1hy21h.cloud.wavemakeronline.com/__cypress/runner/cypress_runner.js:88888:16)\n    at tryCatcher (http://pk7ksg1hy21h.cloud.wavemakeronline.com/__cypress/runner/cypress_runner.js:140400:23)\n    at Function.Promise.attempt.Promise.try (http://pk7ksg1hy21h.cloud.wavemakeronline.com/__cypress/runner/cypress_runner.js:137675:29)\n    at Context.shouldFn (http://pk7ksg1hy21h.cloud.wavemakeronline.com/__cypress/runner/cypress_runner.js:88897:23)\n    at Context.should (http://pk7ksg1hy21h.cloud.wavemakeronline.com/__cypress/runner/cypress_runner.js:88912:23)\n    at Context.<anonymous> (http://pk7ksg1hy21h.cloud.wavemakeronline.com/__cypress/runner/cypress_runner.js:101348:21)\n    at http://pk7ksg1hy21h.cloud.wavemakeronline.com/__cypress/runner/cypress_runner.js:100826:33",
                "diff": null
              },
              "uuid": "3444dad2-b43b-425f-8a22-5b681fd2d96b",
              "parentUUID": "df9f9d42-937e-4b74-90c2-3c8b1613e41a",
              "isHook": false,
              "skipped": false
            }
          ],
          "suites": [],
          "passes": [
            "099d1893-1eb7-415e-afa7-d03908041f6f",
            "dafddae9-1af9-4906-b6d3-b4d86ea1e6bc"
          ],
          "failures": [
            "3444dad2-b43b-425f-8a22-5b681fd2d96b"
          ],
          "pending": [],
          "skipped": [],
          "duration": 25953,
          "root": false,
          "rootEmpty": false,
          "_timeout": 2000
        }
      ],
      "passes": [],
      "failures": [],
      "pending": [],
      "skipped": [],
      "duration": 0,
      "root": true,
      "rootEmpty": true,
      "_timeout": 2000
    }
  ],
  "meta": {
    "mocha": {
      "version": "7.0.0"
    },
    "mochawesome": {
      "options": {
        "quiet": false,
        "reportFilename": "mochawesome",
        "saveHtml": false,
        "saveJson": true,
        "consoleReporter": "spec",
        "useInlineDiffs": false
      },
      "version": "4.1.0"
    },
    "marge": {
      "options": {
        "id": "default",
        "reportDir": "cypress/reports/mocha",
        "quite": true,
        "overwrite": false,
        "html": false,
        "json": true
      },
      "version": "4.0.1"
    }
  }
}